2018-02-11 17:09:30,477 [INFO] from play.api.http.EnabledFilters in play-dev-mode-akka.actor.default-dispatcher-3 - Enabled Filters (see <https://www.playframework.com/documentation/latest/Filters>):

    play.filters.csrf.CSRFFilter
    play.filters.hosts.AllowedHostsFilter
    org.lagoscala.blogaggregator.web.filters.ExampleFilter

2018-02-11 17:09:30,485 [INFO] from play.api.Play in play-dev-mode-akka.actor.default-dispatcher-3 - Application started (Dev)
2018-02-11 17:11:43,630 [INFO] from play.api.http.EnabledFilters in play-dev-mode-akka.actor.default-dispatcher-3 - Enabled Filters (see <https://www.playframework.com/documentation/latest/Filters>):

    play.filters.csrf.CSRFFilter
    play.filters.hosts.AllowedHostsFilter
    org.lagoscala.blogaggregator.web.filters.ExampleFilter

2018-02-11 17:11:43,630 [INFO] from play.api.Play in play-dev-mode-akka.actor.default-dispatcher-3 - Application started (Dev)
2018-02-11 17:12:38,218 [INFO] from play.api.http.EnabledFilters in play-dev-mode-akka.actor.default-dispatcher-19 - Enabled Filters (see <https://www.playframework.com/documentation/latest/Filters>):

    play.filters.csrf.CSRFFilter
    play.filters.hosts.AllowedHostsFilter
    org.lagoscala.blogaggregator.web.filters.ExampleFilter

2018-02-11 17:12:38,219 [INFO] from play.api.Play in play-dev-mode-akka.actor.default-dispatcher-19 - Application started (Dev)
2018-02-11 17:13:09,967 [INFO] from play.api.http.EnabledFilters in play-dev-mode-akka.actor.default-dispatcher-39 - Enabled Filters (see <https://www.playframework.com/documentation/latest/Filters>):

    play.filters.csrf.CSRFFilter
    play.filters.hosts.AllowedHostsFilter
    org.lagoscala.blogaggregator.web.filters.ExampleFilter

2018-02-11 17:13:09,968 [INFO] from play.api.Play in play-dev-mode-akka.actor.default-dispatcher-39 - Application started (Dev)
2018-02-11 17:40:33,803 [WARN] from play.filters.hosts.AllowedHostsFilter in pool-1-thread-1-ScalaTest-running-FunctionalSpec - Host not allowed: localhost
2018-02-11 17:40:33,982 [WARN] from play.filters.hosts.AllowedHostsFilter in pool-1-thread-1-ScalaTest-running-FunctionalSpec - Host not allowed: localhost
2018-02-11 17:40:33,997 [WARN] from play.filters.hosts.AllowedHostsFilter in pool-1-thread-1-ScalaTest-running-FunctionalSpec - Host not allowed: localhost
2018-02-11 17:40:39,072 [WARN] from com.gargoylesoftware.htmlunit.DefaultCssErrorHandler in Thread-14 - CSS error: 'http://localhost:19001/assets/css/bootstrap.min.css' [5:115618] Invalid color "#000\9".
2018-02-11 17:42:27,938 [WARN] from com.gargoylesoftware.htmlunit.DefaultCssErrorHandler in Thread-14 - CSS error: 'http://localhost:19001/assets/css/bootstrap.min.css' [5:115618] Invalid color "#000\9".
